SF:/home/runner/work/StudyGroup-Coordinator-App/StudyGroup-Coordinator-App/coordinator-app/src/main/java/com/Divan/coordinator/Account.java
DA:27,1
DA:30,1
DA:35,1
DA:44,1
DA:84,1
DA:111,1
DA:184,1
DA:206,1
DA:53,1
DA:235,1
DA:248,1
DA:155,1
DA:169,1
DA:25,1
DA:15,1
DA:1,0
end_of_record
SF:/home/runner/work/StudyGroup-Coordinator-App/StudyGroup-Coordinator-App/coordinator-app/src/main/java/com/Divan/coordinator/CoordinatorApp.java
DA:29,1
DA:32,1
DA:35,1
DA:38,1
DA:41,1
DA:44,1
DA:47,1
DA:50,1
DA:53,1
DA:58,1
DA:67,1
DA:101,1
DA:126,1
DA:177,1
DA:198,1
DA:244,1
DA:294,1
DA:345,1
DA:367,1
DA:410,1
DA:459,1
DA:511,1
DA:530,1
DA:576,1
DA:618,1
DA:659,1
DA:27,1
DA:1,0
end_of_record
SF:/home/runner/work/StudyGroup-Coordinator-App/StudyGroup-Coordinator-App/coordinator-app/src/main/java/com/Divan/coordinator/Discussion.java
DA:28,1
DA:33,1
DA:38,1
DA:43,1
DA:51,1
DA:62,1
DA:71,1
DA:80,1
DA:89,1
DA:98,1
DA:24,1
DA:1,0
end_of_record
SF:/home/runner/work/StudyGroup-Coordinator-App/StudyGroup-Coordinator-App/coordinator-app/src/main/java/com/Divan/coordinator/DiscussionManager.java
DA:31,1
DA:34,1
DA:39,1
DA:48,1
DA:57,1
DA:66,1
DA:94,1
DA:107,1
DA:29,1
DA:1,0
end_of_record
SF:/home/runner/work/StudyGroup-Coordinator-App/StudyGroup-Coordinator-App/coordinator-app/src/main/java/com/Divan/coordinator/FileUtility.java
DA:30,1
DA:37,1
DA:50,1
DA:27,1
DA:1,0
end_of_record
SF:/home/runner/work/StudyGroup-Coordinator-App/StudyGroup-Coordinator-App/coordinator-app/src/main/java/com/Divan/coordinator/Resource.java
DA:28,1
DA:33,1
DA:38,1
DA:43,1
DA:48,1
DA:53,1
DA:63,1
DA:76,1
DA:85,1
DA:94,1
DA:103,1
DA:112,1
DA:121,1
DA:130,1
DA:24,1
DA:1,0
end_of_record
SF:/home/runner/work/StudyGroup-Coordinator-App/StudyGroup-Coordinator-App/coordinator-app/src/main/java/com/Divan/coordinator/ResourceManager.java
DA:26,1
DA:29,1
DA:32,1
DA:37,1
DA:46,1
DA:55,1
DA:64,1
DA:83,1
DA:96,1
DA:24,1
DA:1,0
end_of_record
SF:/home/runner/work/StudyGroup-Coordinator-App/StudyGroup-Coordinator-App/coordinator-app/src/main/java/com/Divan/coordinator/Session.java
DA:26,1
DA:29,1
DA:32,1
DA:35,1
DA:38,1
DA:41,1
DA:51,1
DA:64,1
DA:73,1
DA:82,1
DA:91,1
DA:100,1
DA:109,1
DA:118,1
DA:24,1
DA:1,0
end_of_record
SF:/home/runner/work/StudyGroup-Coordinator-App/StudyGroup-Coordinator-App/coordinator-app/src/main/java/com/Divan/coordinator/SessionManager.java
DA:26,1
DA:29,1
DA:32,1
DA:37,1
DA:46,1
DA:55,1
DA:64,1
DA:83,1
DA:97,1
DA:24,1
DA:1,0
end_of_record
SF:/home/runner/work/StudyGroup-Coordinator-App/StudyGroup-Coordinator-App/coordinator-app/src/main/java/com/Divan/coordinator/StudyGroup.java
DA:27,1
DA:30,1
DA:33,1
DA:36,1
DA:44,1
DA:55,1
DA:64,1
DA:73,1
DA:82,1
DA:96,1
DA:169,1
DA:25,1
DA:1,0
end_of_record
SF:/home/runner/work/StudyGroup-Coordinator-App/StudyGroup-Coordinator-App/coordinator-app/src/main/java/com/Divan/coordinator/User.java
DA:24,1
DA:27,1
DA:30,1
DA:33,1
DA:36,1
DA:39,1
DA:42,1
DA:53,1
DA:66,1
DA:75,1
DA:84,1
DA:93,1
DA:102,1
DA:111,1
DA:120,1
DA:22,1
DA:1,0
end_of_record
SF:/home/runner/work/StudyGroup-Coordinator-App/StudyGroup-Coordinator-App/coordinator-app/src/main/java/com/Divan/coordinator/ViewGroups.java
DA:31,1
DA:57,1
DA:23,1
DA:1,0
end_of_record
